<?xml version="1.0" encoding="UTF-8"?>
<!-- Generated by org.testng.reporters.JUnitXMLReporter -->
<testsuite hostname="HYHC-71888-WL" ignored="0" name="LoginTest" tests="3" failures="2" timestamp="2022-06-15T00:52:59 PDT" time="0.05" errors="0">
  <testcase name="failedAuthenticationTest" time="0.0" classname="com.xoriant.qa.testclasses.EnvironmentTest">
    <failure type="org.testng.TestNGException" message="
Parameter &amp;apos;environment&amp;apos; is required by @Test on method failedAuthenticationTest but has not been marked @Optional or defined
in C:\Users\shaik_n\eclipse-workspace\ui-framework\src\test\resources\testng-suites\testng-suite.xml">
      <![CDATA[org.testng.TestNGException: 
Parameter 'environment' is required by @Test on method failedAuthenticationTest but has not been marked @Optional or defined
in C:\Users\shaik_n\eclipse-workspace\ui-framework\src\test\resources\testng-suites\testng-suite.xml
at java.util.ArrayList.forEach(Unknown Source)
... Removed 26 stack frames]]>
    </failure>
  </testcase> <!-- failedAuthenticationTest -->
  <testcase name="newUserAuthenticationTest" time="0.0" classname="com.xoriant.qa.testclasses.EnvironmentTest">
    <failure type="org.testng.TestNGException" message="
Parameter &amp;apos;environment&amp;apos; is required by @Test on method newUserAuthenticationTest but has not been marked @Optional or defined
in C:\Users\shaik_n\eclipse-workspace\ui-framework\src\test\resources\testng-suites\testng-suite.xml">
      <![CDATA[org.testng.TestNGException: 
Parameter 'environment' is required by @Test on method newUserAuthenticationTest but has not been marked @Optional or defined
in C:\Users\shaik_n\eclipse-workspace\ui-framework\src\test\resources\testng-suites\testng-suite.xml
at java.util.ArrayList.forEach(Unknown Source)
... Removed 26 stack frames]]>
    </failure>
  </testcase> <!-- newUserAuthenticationTest -->
  <testcase name="validAuthenticationTest" time="0.005" classname="com.xoriant.qa.testclasses.EnvironmentTest"/>
</testsuite> <!-- LoginTest -->
